生成启动时间为 2018/9/7 10:38:10。
     1>项目“D:\个人\金和模拟传感器\transducer\JH-Transducer\JH-Transducer\JH-Transducer\JH-Transducer.vcxproj”在节点 2 上(build 个目标)。
     1>InitializeBuildStatus:
         正在创建“Debug\JH-Transducer.unsuccessfulbuild”，因为已指定“AlwaysCreate”。
       ClCompile:
         所有输出均为最新。
         d:\VS2010\setup\VC\bin\CL.exe /c /ZI /nologo /W3 /WX- /Od /Oy- /D WIN32 /D _WINDOWS /D _DEBUG /D _UNICODE /D UNICODE /D _AFXDLL /Gm /EHsc /RTC1 /MDd /GS /fp:precise /Zc:wchar_t /Zc:forScope /Yu"StdAfx.h" /Fp"Debug\JH-Transducer.pch" /Fo"Debug\\" /Fd"Debug\vc100.pdb" /Gd /TP /analyze- /errorReport:prompt "JH-TransducerDlg.cpp"
         JH-TransducerDlg.cpp
     1>d:\个人\金和模拟传感器\transducer\jh-transducer\jh-transducer\jh-transducer\jh-transducerdlg.cpp(463): warning C4101: “hFile”: 未引用的局部变量
     1>d:\个人\金和模拟传感器\transducer\jh-transducer\jh-transducer\jh-transducer\jh-transducerdlg.cpp(692): warning C4018: “<”: 有符号/无符号不匹配
     1>d:\个人\金和模拟传感器\transducer\jh-transducer\jh-transducer\jh-transducer\jh-transducerdlg.cpp(813): warning C4018: “<”: 有符号/无符号不匹配
     1>d:\个人\金和模拟传感器\transducer\jh-transducer\jh-transducer\jh-transducer\jh-transducerdlg.cpp(823): warning C4553: “==”: 运算符不起任何作用；是否是有意使用“=”的?
       ResourceCompile:
         所有输出均为最新。
       ManifestResourceCompile:
         所有输出均为最新。
       Link:
         d:\VS2010\setup\VC\bin\link.exe /ERRORREPORT:PROMPT /OUT:"D:\个人\金和模拟传感器\transducer\JH-Transducer\JH-Transducer\Debug\JH-Transducer.exe" /INCREMENTAL /NOLOGO /MANIFEST /ManifestFile:"Debug\JH-Transducer.exe.intermediate.manifest" /MANIFESTUAC:"level='asInvoker' uiAccess='false'" /DEBUG /PDB:"D:\个人\金和模拟传感器\transducer\JH-Transducer\JH-Transducer\Debug\JH-Transducer.pdb" /SUBSYSTEM:WINDOWS /TLBID:1 /ENTRY:"wWinMainCRTStartup" /DYNAMICBASE /NXCOMPAT /IMPLIB:"D:\个人\金和模拟传感器\transducer\JH-Transducer\JH-Transducer\Debug\JH-Transducer.lib" /MACHINE:X86 "Debug\JH-Transducer.res"
         "Debug\JH-Transducer.exe.embed.manifest.res"
         Debug\crc.obj
         "Debug\JH-Transducer.obj"
         "Debug\JH-TransducerDlg.obj"
         Debug\serialport.obj
         Debug\stdafx.obj
       Manifest:
         C:\Program Files (x86)\Microsoft SDKs\Windows\v7.0A\bin\mt.exe /nologo /verbose /out:"Debug\JH-Transducer.exe.embed.manifest" /manifest "Debug\JH-Transducer.exe.intermediate.manifest" d:\VS2010\setup\VC\Include\Manifest\dpiaware.manifest
         所有输出均为最新。
       LinkEmbedManifest:
         所有输出均为最新。
         JH-Transducer.vcxproj -> D:\个人\金和模拟传感器\transducer\JH-Transducer\JH-Transducer\Debug\JH-Transducer.exe
       FinalizeBuildStatus:
         正在删除文件“Debug\JH-Transducer.unsuccessfulbuild”。
         正在对“Debug\JH-Transducer.lastbuildstate”执行 Touch 任务。
     1>已完成生成项目“D:\个人\金和模拟传感器\transducer\JH-Transducer\JH-Transducer\JH-Transducer\JH-Transducer.vcxproj”(build 个目标)的操作。

生成成功。

已用时间 00:00:01.01
