D:\个人\金和模拟传感器\TRANSDUCER\JH-TRANSDUCER\JH-TRANSDUCER\DEBUG\JH-TRANSDUCER.EXE
D:\个人\金和模拟传感器\TRANSDUCER\JH-TRANSDUCER\JH-TRANSDUCER\DEBUG\JH-TRANSDUCER.ILK
D:\个人\金和模拟传感器\TRANSDUCER\JH-TRANSDUCER\JH-TRANSDUCER\DEBUG\JH-TRANSDUCER.PDB
D:\个人\金和模拟传感器\transducer\JH-Transducer\JH-Transducer\JH-Transducer\Debug\cl.command.1.tlog
D:\个人\金和模拟传感器\transducer\JH-Transducer\JH-Transducer\JH-Transducer\Debug\CL.read.1.tlog
D:\个人\金和模拟传感器\transducer\JH-Transducer\JH-Transducer\JH-Transducer\Debug\CL.write.1.tlog
D:\个人\金和模拟传感器\TRANSDUCER\JH-TRANSDUCER\JH-TRANSDUCER\JH-TRANSDUCER\DEBUG\JH-TRANSDUCER.EXE.EMBED.MANIFEST
D:\个人\金和模拟传感器\TRANSDUCER\JH-TRANSDUCER\JH-TRANSDUCER\JH-TRANSDUCER\DEBUG\JH-TRANSDUCER.EXE.EMBED.MANIFEST.RES
D:\个人\金和模拟传感器\TRANSDUCER\JH-TRANSDUCER\JH-TRANSDUCER\JH-TRANSDUCER\DEBUG\JH-TRANSDUCER.EXE.INTERMEDIATE.MANIFEST
D:\个人\金和模拟传感器\TRANSDUCER\JH-TRANSDUCER\JH-TRANSDUCER\JH-TRANSDUCER\DEBUG\JH-TRANSDUCER.OBJ
D:\个人\金和模拟传感器\TRANSDUCER\JH-TRANSDUCER\JH-TRANSDUCER\JH-TRANSDUCER\DEBUG\JH-TRANSDUCER.PCH
D:\个人\金和模拟传感器\TRANSDUCER\JH-TRANSDUCER\JH-TRANSDUCER\JH-TRANSDUCER\DEBUG\JH-TRANSDUCER.RES
D:\个人\金和模拟传感器\transducer\JH-Transducer\JH-Transducer\JH-Transducer\Debug\JH-Transducer.vcxprojResolveAssemblyReference.cache
D:\个人\金和模拟传感器\transducer\JH-Transducer\JH-Transducer\JH-Transducer\Debug\JH-Transducer.write.1.tlog
D:\个人\金和模拟传感器\transducer\JH-Transducer\JH-Transducer\JH-Transducer\Debug\JH-Transducer_manifest.rc
D:\个人\金和模拟传感器\TRANSDUCER\JH-TRANSDUCER\JH-TRANSDUCER\JH-TRANSDUCER\DEBUG\JH-TRANSDUCERDLG.OBJ
D:\个人\金和模拟传感器\transducer\JH-Transducer\JH-Transducer\JH-Transducer\Debug\link.8024.read.1.tlog
D:\个人\金和模拟传感器\transducer\JH-Transducer\JH-Transducer\JH-Transducer\Debug\link.8024.write.1.tlog
D:\个人\金和模拟传感器\transducer\JH-Transducer\JH-Transducer\JH-Transducer\Debug\link.8024-cvtres.read.1.tlog
D:\个人\金和模拟传感器\transducer\JH-Transducer\JH-Transducer\JH-Transducer\Debug\link.8024-cvtres.write.1.tlog
D:\个人\金和模拟传感器\transducer\JH-Transducer\JH-Transducer\JH-Transducer\Debug\link.command.1.tlog
D:\个人\金和模拟传感器\transducer\JH-Transducer\JH-Transducer\JH-Transducer\Debug\link.read.1.tlog
D:\个人\金和模拟传感器\transducer\JH-Transducer\JH-Transducer\JH-Transducer\Debug\link.write.1.tlog
D:\个人\金和模拟传感器\transducer\JH-Transducer\JH-Transducer\JH-Transducer\Debug\link-cvtres.read.1.tlog
D:\个人\金和模拟传感器\transducer\JH-Transducer\JH-Transducer\JH-Transducer\Debug\link-cvtres.write.1.tlog
D:\个人\金和模拟传感器\transducer\JH-Transducer\JH-Transducer\JH-Transducer\Debug\mt.command.1.tlog
D:\个人\金和模拟传感器\transducer\JH-Transducer\JH-Transducer\JH-Transducer\Debug\mt.read.1.tlog
D:\个人\金和模拟传感器\transducer\JH-Transducer\JH-Transducer\JH-Transducer\Debug\mt.write.1.tlog
D:\个人\金和模拟传感器\transducer\JH-Transducer\JH-Transducer\JH-Transducer\Debug\rc.command.1.tlog
D:\个人\金和模拟传感器\transducer\JH-Transducer\JH-Transducer\JH-Transducer\Debug\rc.read.1.tlog
D:\个人\金和模拟传感器\transducer\JH-Transducer\JH-Transducer\JH-Transducer\Debug\rc.write.1.tlog
D:\个人\金和模拟传感器\TRANSDUCER\JH-TRANSDUCER\JH-TRANSDUCER\JH-TRANSDUCER\DEBUG\SERIALPORT.OBJ
D:\个人\金和模拟传感器\TRANSDUCER\JH-TRANSDUCER\JH-TRANSDUCER\JH-TRANSDUCER\DEBUG\STDAFX.OBJ
D:\个人\金和模拟传感器\transducer\JH-Transducer\JH-Transducer\JH-Transducer\Debug\vc100.idb
D:\个人\金和模拟传感器\TRANSDUCER\JH-TRANSDUCER\JH-TRANSDUCER\JH-TRANSDUCER\DEBUG\VC100.PDB
